<?xml version="1.0" encoding="UTF-8"?>
<testsuite xmlns:xsi="http://www.w3.org/2001/XMLSchema-instance" xsi:noNamespaceSchemaLocation="https://maven.apache.org/surefire/maven-surefire-plugin/xsd/surefire-test-report-3.0.xsd" version="3.0" name="TestSuite" time="105.052" tests="1" errors="0" skipped="0" failures="0">
  <properties>
[...]
</properties>
  <testcase name="selectholidaypackage" classname="makemytripselenium.makemytrip" time="96.493">
    <system-out><![CDATA[Screenshot saved at: /Users/apple/eclipse-workspace/makemytripselenium/test-output/screenshots/HomePageMakemyTrip.png
Screenshot saved at: /Users/apple/eclipse-workspace/makemytripselenium/test-output/screenshots/HolidayPackage.png
Screenshot saved at: /Users/apple/eclipse-workspace/makemytripselenium/test-output/screenshots/ FromcityandToCityPackage.png
date is choosen
Screenshot saved at: /Users/apple/eclipse-workspace/makemytripselenium/test-output/screenshots/search.png
Screenshot saved at: /Users/apple/eclipse-workspace/makemytripselenium/test-output/screenshots/ScrollandSelect.png
Screenshot saved at: /Users/apple/eclipse-workspace/makemytripselenium/test-output/screenshots/NewHotel.png
Screenshot saved at: /Users/apple/eclipse-workspace/makemytripselenium/test-output/screenshots/UpdatedPackage.png
package updated
Text is present on the page.
Screenshot saved at: /Users/apple/eclipse-workspace/makemytripselenium/test-output/screenshots/HotelValidation.png
Screenshot saved at: /Users/apple/eclipse-workspace/makemytripselenium/test-output/screenshots/Activity.png
Screenshot saved at: /Users/apple/eclipse-workspace/makemytripselenium/test-output/screenshots/afterUpdate.png
Activity Text is present on the page.
Hotel Name is present on the page.
Screenshot saved at: /Users/apple/eclipse-workspace/makemytripselenium/test-output/screenshots/valiandupdate.png
Activity Text is present on the page.
Screenshot saved at: /Users/apple/eclipse-workspace/makemytripselenium/test-output/screenshots/ValidateLinks.png
]]></system-out>
    <system-err><![CDATA[SLF4J: Failed to load class "org.slf4j.impl.StaticLoggerBinder".
SLF4J: Defaulting to no-operation (NOP) logger implementation
SLF4J: See http://www.slf4j.org/codes.html#StaticLoggerBinder for further details.
Starting ChromeDriver 114.0.5735.90 (386bc09e8f4f2e025eddae123f36f6263096ae49-refs/branch-heads/5735@{#1052}) on port 28137
Only local connections are allowed.
Please see https://chromedriver.chromium.org/security-considerations for suggestions on keeping ChromeDriver safe.
ChromeDriver was started successfully.
Jun 23, 2023 11:15:36 AM org.openqa.selenium.remote.ProtocolHandshake createSession
INFO: Detected dialect: W3C
Jun 23, 2023 11:15:39 AM com.relevantcodes.extentreports.ExtentReports loadConfig
WARNING: Unable to perform report configuration. The file /Users/apple/eclipse-workspace/makemytripselenium/src/test/java/extent-config.xml was not found.
]]></system-err>
  </testcase>
</testsuite>