<?xml version="1.0" encoding="UTF-8"?>
<testng-results ignored="0" total="1" passed="1" failed="0" skipped="0">
  <reporter-output>
  </reporter-output>
  <suite started-at="2023-06-23T02:43:24 IST" name="Suite" finished-at="2023-06-23T02:45:08 IST" duration-ms="103850">
    <groups>
    </groups>
    <test started-at="2023-06-23T02:43:24 IST" name="Test" finished-at="2023-06-23T02:45:08 IST" duration-ms="103850">
      <class name="makemytripselenium.makemytrip">
        <test-method is-config="true" signature="setup()[pri:0, instance:makemytripselenium.makemytrip@2a54a73f]" started-at="2023-06-23T02:43:24 IST" name="setup" finished-at="2023-06-23T02:43:31 IST" duration-ms="6764" status="PASS">
          <reporter-output>
          </reporter-output>
        </test-method> <!-- setup -->
        <test-method signature="selectholidaypackage()[pri:0, instance:makemytripselenium.makemytrip@2a54a73f]" started-at="2023-06-23T02:43:31 IST" name="selectholidaypackage" finished-at="2023-06-23T02:45:08 IST" duration-ms="96391" status="PASS">
          <reporter-output>
          </reporter-output>
        </test-method> <!-- selectholidaypackage -->
        <test-method is-config="true" signature="closeBrowser()[pri:0, instance:makemytripselenium.makemytrip@2a54a73f]" started-at="2023-06-23T02:45:08 IST" name="closeBrowser" finished-at="2023-06-23T02:45:08 IST" duration-ms="641" status="PASS">
          <reporter-output>
          </reporter-output>
        </test-method> <!-- closeBrowser -->
      </class> <!-- makemytripselenium.makemytrip -->
    </test> <!-- Test -->
  </suite> <!-- Suite -->
</testng-results>
